<?xml version="1.0" encoding="UTF-8"?>
<!-- Generated by org.testng.reporters.JUnitReportReporter -->
<testsuite skipped="0" hostname="DESKTOP-6NI868R" name="TestCases.HotelSearchTest" tests="2" failures="0" timestamp="12 Feb 2020 18:46:25 GMT" time="56.747" errors="0">
  <testcase name="HotelSearchPageTitleTest" time="18.967" classname="TestCases.HotelSearchTest"/>
  <testcase name="HotelSearchcheck" time="37.780" classname="TestCases.HotelSearchTest"/>
</testsuite> <!-- TestCases.HotelSearchTest -->
