<?xml version="1.0" encoding="UTF-8"?>
<!-- Generated by org.testng.reporters.JUnitReportReporter -->
<testsuite skipped="0" hostname="DESKTOP-6NI868R" name="TestCases.HotelSearchTest" tests="2" failures="0" timestamp="02 Nov 2019 15:55:05 GMT" time="35.779" errors="0">
  <testcase name="HotelSearchPageTitleTest" time="16.406" classname="TestCases.HotelSearchTest"/>
  <testcase name="HotelSearchcheck" time="19.373" classname="TestCases.HotelSearchTest"/>
</testsuite> <!-- TestCases.HotelSearchTest -->
