<?xml version="1.0" encoding="UTF-8"?>
<!-- Generated by org.testng.reporters.JUnitReportReporter -->
<testsuite skipped="0" hostname="DESKTOP-6NI868R" name="TestCases.MultipleSearchTest" tests="2" failures="0" timestamp="12 Feb 2020 18:46:25 GMT" time="69.915" errors="0">
  <testcase name="MultipleSearch" time="35.772" classname="TestCases.MultipleSearchTest"/>
  <testcase name="MultipleSearch" time="34.143" classname="TestCases.MultipleSearchTest"/>
</testsuite> <!-- TestCases.MultipleSearchTest -->
