<?xml version="1.0" encoding="UTF-8"?>
<!-- Generated by org.testng.reporters.JUnitReportReporter -->
<testsuite skipped="0" hostname="DESKTOP-6NI868R" name="TestCases.SearchPageTest" tests="3" failures="0" timestamp="12 Feb 2020 18:46:25 GMT" time="72.321" errors="0">
  <testcase name="SearchPageTitleTest" time="18.023" classname="TestCases.SearchPageTest"/>
  <testcase name="FlightSearchLogTest" time="17.897" classname="TestCases.SearchPageTest"/>
  <testcase name="OnewaySearchTest" time="36.401" classname="TestCases.SearchPageTest"/>
</testsuite> <!-- TestCases.SearchPageTest -->
