<?xml version="1.0" encoding="UTF-8"?>
<!-- Generated by org.testng.reporters.JUnitReportReporter -->
<testsuite skipped="0" hostname="DESKTOP-6NI868R" name="TestCases.MultipleSearchTest" tests="4" failures="0" timestamp="06 Oct 2019 14:11:19 GMT" time="210.158" errors="0">
  <testcase name="MultipleSearch" time="42.710" classname="TestCases.MultipleSearchTest"/>
  <testcase name="MultipleSearch" time="43.083" classname="TestCases.MultipleSearchTest"/>
  <testcase name="MultipleSearch" time="40.859" classname="TestCases.MultipleSearchTest"/>
  <testcase name="MultipleSearch" time="83.506" classname="TestCases.MultipleSearchTest"/>
</testsuite> <!-- TestCases.MultipleSearchTest -->
