<?xml version="1.0" encoding="UTF-8"?>
<!-- Generated by org.testng.reporters.JUnitReportReporter -->
<testsuite skipped="0" hostname="DESKTOP-6NI868R" name="TestCases.FlightStatusTest" tests="3" failures="0" timestamp="26 Jan 2020 11:12:51 GMT" time="74.341" errors="0">
  <testcase name="FlightstatusPageTitleTest" time="22.581" classname="TestCases.FlightStatusTest"/>
  <testcase name="FlightStatusLogoTest" time="21.068" classname="TestCases.FlightStatusTest"/>
  <testcase name="FlightStatusSearchTest" time="30.692" classname="TestCases.FlightStatusTest"/>
</testsuite> <!-- TestCases.FlightStatusTest -->
