<?xml version="1.0" encoding="UTF-8"?>
<!-- Generated by org.testng.reporters.JUnitReportReporter -->
<testsuite skipped="0" hostname="DESKTOP-6NI868R" name="TestCases.SearchPageTest" tests="3" failures="0" timestamp="26 Jan 2020 11:12:51 GMT" time="61.945" errors="0">
  <testcase name="SearchPageTitleTest" time="14.966" classname="TestCases.SearchPageTest"/>
  <testcase name="FlightSearchLogTest" time="14.959" classname="TestCases.SearchPageTest"/>
  <testcase name="OnewaySearchTest" time="32.020" classname="TestCases.SearchPageTest"/>
</testsuite> <!-- TestCases.SearchPageTest -->
