<?xml version="1.0" encoding="UTF-8"?>
<!-- Generated by org.testng.reporters.JUnitReportReporter -->
<testsuite skipped="0" hostname="DESKTOP-6NI868R" name="TestCases.HotelSearchTest" tests="2" failures="0" timestamp="26 Jan 2020 11:12:51 GMT" time="34.385" errors="0">
  <testcase name="HotelSearchPageTitleTest" time="14.962" classname="TestCases.HotelSearchTest"/>
  <testcase name="HotelSearchcheck" time="19.423" classname="TestCases.HotelSearchTest"/>
</testsuite> <!-- TestCases.HotelSearchTest -->
