<?xml version="1.0" encoding="UTF-8"?>
<!-- Generated by org.testng.reporters.JUnitReportReporter -->
<testsuite skipped="0" hostname="DESKTOP-6NI868R" name="TestCases.FlightStatusTest" tests="3" failures="0" timestamp="02 Nov 2019 15:55:05 GMT" time="136.645" errors="0">
  <testcase name="FlightstatusPageTitleTest" time="37.625" classname="TestCases.FlightStatusTest"/>
  <testcase name="FlightStatusLogoTest" time="50.451" classname="TestCases.FlightStatusTest"/>
  <testcase name="FlightStatusSearchTest" time="48.569" classname="TestCases.FlightStatusTest"/>
</testsuite> <!-- TestCases.FlightStatusTest -->
