<?xml version="1.0" encoding="UTF-8"?>
<!-- Generated by org.testng.reporters.JUnitReportReporter -->
<testsuite skipped="0" hostname="DESKTOP-6NI868R" name="TestCases.HotelSearchTest" tests="2" failures="0" timestamp="05 Oct 2019 14:02:17 GMT" time="61.974" errors="0">
  <testcase name="HotelSearchPageTitleTest" time="31.269" classname="TestCases.HotelSearchTest"/>
  <testcase name="HotelSearchcheck" time="30.705" classname="TestCases.HotelSearchTest"/>
</testsuite> <!-- TestCases.HotelSearchTest -->
