<?xml version="1.0" encoding="UTF-8"?>
<!-- Generated by org.testng.reporters.JUnitReportReporter -->
<testsuite skipped="0" hostname="DESKTOP-6NI868R" name="TestCases.SearchQuery" tests="1" failures="0" timestamp="15 Feb 2020 18:57:38 GMT" time="19.960" errors="0">
  <testcase name="VerifySearchResultsTest" time="19.960" classname="TestCases.SearchQuery"/>
</testsuite> <!-- TestCases.SearchQuery -->
