<?xml version="1.0" encoding="UTF-8"?>
<!-- Generated by org.testng.reporters.JUnitReportReporter -->
<testsuite skipped="0" hostname="DESKTOP-6NI868R" name="TestCases.MultipleSearchTest" tests="2" failures="0" timestamp="26 Jan 2020 11:12:51 GMT" time="62.609" errors="0">
  <testcase name="MultipleSearch" time="29.557" classname="TestCases.MultipleSearchTest"/>
  <testcase name="MultipleSearch" time="33.052" classname="TestCases.MultipleSearchTest"/>
</testsuite> <!-- TestCases.MultipleSearchTest -->
