<?xml version="1.0" encoding="UTF-8"?>
<!-- Generated by org.testng.reporters.JUnitReportReporter -->
<testsuite skipped="0" hostname="DESKTOP-6NI868R" name="TestCases.SearchPageTest" tests="3" failures="0" timestamp="24 Sep 2019 17:46:25 GMT" time="97.490" errors="0">
  <testcase name="SearchPageTitleTest" time="26.450" classname="TestCases.SearchPageTest"/>
  <testcase name="FlightSearchLogTest" time="24.515" classname="TestCases.SearchPageTest"/>
  <testcase name="OnewaySearchTest" time="46.525" classname="TestCases.SearchPageTest"/>
</testsuite> <!-- TestCases.SearchPageTest -->
