<?xml version="1.0" encoding="UTF-8"?>
<!-- Generated by org.testng.reporters.JUnitReportReporter -->
<testsuite skipped="0" hostname="DESKTOP-6NI868R" name="TestCases.MultipleSearchTest" tests="2" failures="0" timestamp="02 Nov 2019 15:55:05 GMT" time="98.377" errors="0">
  <testcase name="MultipleSearch" time="47.982" classname="TestCases.MultipleSearchTest"/>
  <testcase name="MultipleSearch" time="50.395" classname="TestCases.MultipleSearchTest"/>
</testsuite> <!-- TestCases.MultipleSearchTest -->
