<?xml version="1.0" encoding="UTF-8"?>
<!-- Generated by org.testng.reporters.JUnitReportReporter -->
<testsuite skipped="0" hostname="DESKTOP-6NI868R" name="TestCases.SearchPageTest" tests="3" failures="0" timestamp="02 Nov 2019 15:55:05 GMT" time="65.484" errors="0">
  <testcase name="SearchPageTitleTest" time="16.260" classname="TestCases.SearchPageTest"/>
  <testcase name="FlightSearchLogTest" time="16.215" classname="TestCases.SearchPageTest"/>
  <testcase name="OnewaySearchTest" time="33.009" classname="TestCases.SearchPageTest"/>
</testsuite> <!-- TestCases.SearchPageTest -->
