<?xml version="1.0" encoding="UTF-8"?>
<!-- Generated by org.testng.reporters.JUnitReportReporter -->
<testsuite skipped="0" hostname="DESKTOP-6NI868R" name="TestCases.FlightStatusTest" tests="3" failures="0" timestamp="12 Feb 2020 18:46:25 GMT" time="89.631" errors="0">
  <testcase name="FlightstatusPageTitleTest" time="25.531" classname="TestCases.FlightStatusTest"/>
  <testcase name="FlightStatusLogoTest" time="24.819" classname="TestCases.FlightStatusTest"/>
  <testcase name="FlightStatusSearchTest" time="39.281" classname="TestCases.FlightStatusTest"/>
</testsuite> <!-- TestCases.FlightStatusTest -->
