<?xml version="1.0" encoding="UTF-8"?>
<!-- Generated by org.testng.reporters.JUnitReportReporter -->
<testsuite skipped="0" hostname="DESKTOP-6NI868R" name="TestCases.MultipleSearchTest" tests="3" failures="0" timestamp="25 Oct 2019 13:40:51 GMT" time="146.923" errors="0">
  <testcase name="MultipleSearch" time="54.981" classname="TestCases.MultipleSearchTest"/>
  <testcase name="MultipleSearch" time="44.513" classname="TestCases.MultipleSearchTest"/>
  <testcase name="MultipleSearch" time="47.429" classname="TestCases.MultipleSearchTest"/>
</testsuite> <!-- TestCases.MultipleSearchTest -->
