<?xml version="1.0" encoding="UTF-8"?>
<!-- Generated by org.testng.reporters.JUnitReportReporter -->
<testsuite skipped="0" hostname="DESKTOP-6NI868R" name="TestCases.SearchPageTest" tests="3" failures="0" timestamp="26 Jan 2020 14:21:18 GMT" time="61.840" errors="0">
  <testcase name="SearchPageTitleTest" time="15.366" classname="TestCases.SearchPageTest"/>
  <testcase name="FlightSearchLogTest" time="15.521" classname="TestCases.SearchPageTest"/>
  <testcase name="OnewaySearchTest" time="30.953" classname="TestCases.SearchPageTest"/>
</testsuite> <!-- TestCases.SearchPageTest -->
