<?xml version="1.0" encoding="UTF-8"?>
<!-- Generated by org.testng.reporters.JUnitReportReporter -->
<testsuite skipped="0" hostname="DESKTOP-6NI868R" name="TestCases.HotelSearchTest" tests="2" failures="0" timestamp="22 Feb 2020 19:56:01 GMT" time="32.821" errors="0">
  <testcase name="HotelSearchPageTitleTest" time="14.675" classname="TestCases.HotelSearchTest"/>
  <testcase name="HotelSearchcheck" time="18.146" classname="TestCases.HotelSearchTest"/>
</testsuite> <!-- TestCases.HotelSearchTest -->
