<?xml version="1.0" encoding="UTF-8"?>
<!-- Generated by org.testng.reporters.JUnitReportReporter -->
<testsuite skipped="0" hostname="DESKTOP-6NI868R" name="TestCases.SearchPageTest" tests="3" failures="0" timestamp="22 Feb 2020 19:56:01 GMT" time="62.710" errors="0">
  <testcase name="SearchPageTitleTest" time="15.057" classname="TestCases.SearchPageTest"/>
  <testcase name="FlightSearchLogTest" time="17.677" classname="TestCases.SearchPageTest"/>
  <testcase name="OnewaySearchTest" time="29.976" classname="TestCases.SearchPageTest"/>
</testsuite> <!-- TestCases.SearchPageTest -->
