<?xml version="1.0" encoding="UTF-8"?>
<!-- Generated by org.testng.reporters.JUnitReportReporter -->
<testsuite hostname="DESKTOP-6NI868R" failures="0" tests="3" name="TestCases.MultipleSearchTest" time="166.122" errors="0" timestamp="25 Oct 2019 13:53:49 GMT" skipped="0">
  <testcase classname="TestCases.MultipleSearchTest" name="MultipleSearch" time="52.616"/>
  <testcase classname="TestCases.MultipleSearchTest" name="MultipleSearch" time="56.961"/>
  <testcase classname="TestCases.MultipleSearchTest" name="MultipleSearch" time="56.545"/>
</testsuite> <!-- TestCases.MultipleSearchTest -->
