<?xml version="1.0" encoding="UTF-8"?>
<!-- Generated by org.testng.reporters.JUnitReportReporter -->
<testsuite skipped="0" hostname="DESKTOP-6NI868R" name="TestCases.FlightStatusTest" tests="3" failures="0" timestamp="26 Jan 2020 14:21:18 GMT" time="73.869" errors="0">
  <testcase name="FlightstatusPageTitleTest" time="20.024" classname="TestCases.FlightStatusTest"/>
  <testcase name="FlightStatusLogoTest" time="23.050" classname="TestCases.FlightStatusTest"/>
  <testcase name="FlightStatusSearchTest" time="30.795" classname="TestCases.FlightStatusTest"/>
</testsuite> <!-- TestCases.FlightStatusTest -->
