<?xml version="1.0" encoding="UTF-8"?>
<!-- Generated by org.testng.reporters.JUnitReportReporter -->
<testsuite skipped="0" hostname="DESKTOP-6NI868R" name="TestCases.FlightStatusTest" tests="3" failures="0" timestamp="22 Feb 2020 19:56:01 GMT" time="69.071" errors="0">
  <testcase name="FlightstatusPageTitleTest" time="24.678" classname="TestCases.FlightStatusTest"/>
  <testcase name="FlightStatusLogoTest" time="19.044" classname="TestCases.FlightStatusTest"/>
  <testcase name="FlightStatusSearchTest" time="25.349" classname="TestCases.FlightStatusTest"/>
</testsuite> <!-- TestCases.FlightStatusTest -->
