<?xml version="1.0" encoding="UTF-8"?>
<!-- Generated by org.testng.reporters.JUnitReportReporter -->
<testsuite skipped="0" hostname="DESKTOP-6NI868R" name="TestCases.HotelSearchTest" tests="2" failures="0" timestamp="26 Jan 2020 14:21:18 GMT" time="36.463" errors="0">
  <testcase name="HotelSearchPageTitleTest" time="17.792" classname="TestCases.HotelSearchTest"/>
  <testcase name="HotelSearchcheck" time="18.671" classname="TestCases.HotelSearchTest"/>
</testsuite> <!-- TestCases.HotelSearchTest -->
