<?xml version="1.0" encoding="UTF-8"?>
<!-- Generated by org.testng.reporters.JUnitReportReporter -->
<testsuite skipped="0" hostname="DESKTOP-6NI868R" name="TestCases.MultipleSearchTest" tests="3" failures="0" timestamp="07 Oct 2019 14:09:53 GMT" time="109.437" errors="0">
  <testcase name="MultipleSearch" time="35.661" classname="TestCases.MultipleSearchTest"/>
  <testcase name="MultipleSearch" time="38.717" classname="TestCases.MultipleSearchTest"/>
  <testcase name="MultipleSearch" time="35.059" classname="TestCases.MultipleSearchTest"/>
</testsuite> <!-- TestCases.MultipleSearchTest -->
