<?xml version="1.0" encoding="UTF-8"?>
<!-- Generated by org.testng.reporters.JUnitReportReporter -->
<testsuite skipped="0" hostname="DESKTOP-6NI868R" name="TestCases.MultipleSearchTest" tests="2" failures="0" timestamp="26 Jan 2020 14:21:18 GMT" time="65.598" errors="0">
  <testcase name="MultipleSearch" time="30.844" classname="TestCases.MultipleSearchTest"/>
  <testcase name="MultipleSearch" time="34.754" classname="TestCases.MultipleSearchTest"/>
</testsuite> <!-- TestCases.MultipleSearchTest -->
